<?xml version="1.0" encoding="UTF-8"?>
<coverage generated="1670249050335" clover="3.2.0">
  <project timestamp="1670249050336" name="All files">
    <metrics statements="56" coveredstatements="56" conditionals="36" coveredconditionals="36" methods="8" coveredmethods="8" elements="100" coveredelements="100" complexity="0" loc="56" ncloc="56" packages="8" files="8" classes="8"/>
    <package name="Part2.problem1">
      <metrics statements="8" coveredstatements="8" conditionals="20" coveredconditionals="20" methods="1" coveredmethods="1"/>
      <file name="problem1.js" path="C:\Users\Devi Andri Aldi\Documents\altera\Tugas-Week2\unit-test-jest\Part2\problem1\problem1.js">
        <metrics statements="8" coveredstatements="8" conditionals="20" coveredconditionals="20" methods="1" coveredmethods="1"/>
        <line num="2" count="6" type="cond" truecount="4" falsecount="0"/>
        <line num="3" count="5" type="cond" truecount="4" falsecount="0"/>
        <line num="4" count="4" type="cond" truecount="4" falsecount="0"/>
        <line num="5" count="3" type="cond" truecount="4" falsecount="0"/>
        <line num="6" count="2" type="cond" truecount="4" falsecount="0"/>
        <line num="7" count="1" type="stmt"/>
        <line num="9" count="6" type="stmt"/>
        <line num="12" count="1" type="stmt"/>
      </file>
    </package>
    <package name="Part2.problem2">
      <metrics statements="9" coveredstatements="9" conditionals="6" coveredconditionals="6" methods="1" coveredmethods="1"/>
      <file name="problem2.js" path="C:\Users\Devi Andri Aldi\Documents\altera\Tugas-Week2\unit-test-jest\Part2\problem2\problem2.js">
        <metrics statements="9" coveredstatements="9" conditionals="6" coveredconditionals="6" methods="1" coveredmethods="1"/>
        <line num="3" count="27" type="cond" truecount="2" falsecount="0"/>
        <line num="4" count="1" type="stmt"/>
        <line num="5" count="26" type="cond" truecount="2" falsecount="0"/>
        <line num="6" count="1" type="stmt"/>
        <line num="7" count="25" type="cond" truecount="2" falsecount="0"/>
        <line num="8" count="5" type="stmt"/>
        <line num="10" count="20" type="stmt"/>
        <line num="11" count="20" type="stmt"/>
        <line num="15" count="1" type="stmt"/>
      </file>
    </package>
    <package name="Part2.problem3">
      <metrics statements="5" coveredstatements="5" conditionals="2" coveredconditionals="2" methods="1" coveredmethods="1"/>
      <file name="problem3.js" path="C:\Users\Devi Andri Aldi\Documents\altera\Tugas-Week2\unit-test-jest\Part2\problem3\problem3.js">
        <metrics statements="5" coveredstatements="5" conditionals="2" coveredconditionals="2" methods="1" coveredmethods="1"/>
        <line num="4" count="5" type="stmt"/>
        <line num="5" count="5" type="stmt"/>
        <line num="6" count="96" type="cond" truecount="2" falsecount="0"/>
        <line num="9" count="5" type="stmt"/>
        <line num="12" count="1" type="stmt"/>
      </file>
    </package>
    <package name="Part2.problem4">
      <metrics statements="7" coveredstatements="7" conditionals="2" coveredconditionals="2" methods="1" coveredmethods="1"/>
      <file name="problem4.js" path="C:\Users\Devi Andri Aldi\Documents\altera\Tugas-Week2\unit-test-jest\Part2\problem4\problem4.js">
        <metrics statements="7" coveredstatements="7" conditionals="2" coveredconditionals="2" methods="1" coveredmethods="1"/>
        <line num="3" count="5" type="stmt"/>
        <line num="4" count="5" type="stmt"/>
        <line num="6" count="5" type="stmt"/>
        <line num="7" count="11" type="cond" truecount="2" falsecount="0"/>
        <line num="8" count="2" type="stmt"/>
        <line num="11" count="3" type="stmt"/>
        <line num="13" count="1" type="stmt"/>
      </file>
    </package>
    <package name="Part3.problem1">
      <metrics statements="6" coveredstatements="6" conditionals="2" coveredconditionals="2" methods="1" coveredmethods="1"/>
      <file name="problem1.js" path="C:\Users\Devi Andri Aldi\Documents\altera\Tugas-Week2\unit-test-jest\Part3\problem1\problem1.js">
        <metrics statements="6" coveredstatements="6" conditionals="2" coveredconditionals="2" methods="1" coveredmethods="1"/>
        <line num="2" count="5" type="stmt"/>
        <line num="3" count="5" type="stmt"/>
        <line num="4" count="29" type="cond" truecount="2" falsecount="0"/>
        <line num="5" count="16" type="stmt"/>
        <line num="8" count="5" type="stmt"/>
        <line num="11" count="1" type="stmt"/>
      </file>
    </package>
    <package name="Part3.problem2">
      <metrics statements="7" coveredstatements="7" conditionals="2" coveredconditionals="2" methods="1" coveredmethods="1"/>
      <file name="problem2.js" path="C:\Users\Devi Andri Aldi\Documents\altera\Tugas-Week2\unit-test-jest\Part3\problem2\problem2.js">
        <metrics statements="7" coveredstatements="7" conditionals="2" coveredconditionals="2" methods="1" coveredmethods="1"/>
        <line num="3" count="3" type="stmt"/>
        <line num="4" count="3" type="stmt"/>
        <line num="6" count="3" type="stmt"/>
        <line num="7" count="14" type="cond" truecount="2" falsecount="0"/>
        <line num="8" count="11" type="stmt"/>
        <line num="11" count="3" type="stmt"/>
        <line num="14" count="1" type="stmt"/>
      </file>
    </package>
    <package name="Part3.problem3">
      <metrics statements="3" coveredstatements="3" conditionals="0" coveredconditionals="0" methods="1" coveredmethods="1"/>
      <file name="problem3.js" path="C:\Users\Devi Andri Aldi\Documents\altera\Tugas-Week2\unit-test-jest\Part3\problem3\problem3.js">
        <metrics statements="3" coveredstatements="3" conditionals="0" coveredconditionals="0" methods="1" coveredmethods="1"/>
        <line num="4" count="5" type="stmt"/>
        <line num="5" count="5" type="stmt"/>
        <line num="8" count="1" type="stmt"/>
      </file>
    </package>
    <package name="Part3.problem4">
      <metrics statements="11" coveredstatements="11" conditionals="2" coveredconditionals="2" methods="1" coveredmethods="1"/>
      <file name="problem4.js" path="C:\Users\Devi Andri Aldi\Documents\altera\Tugas-Week2\unit-test-jest\Part3\problem4\problem4.js">
        <metrics statements="11" coveredstatements="11" conditionals="2" coveredconditionals="2" methods="1" coveredmethods="1"/>
        <line num="5" count="4" type="stmt"/>
        <line num="6" count="4" type="stmt"/>
        <line num="7" count="19" type="stmt"/>
        <line num="9" count="4" type="stmt"/>
        <line num="12" count="4" type="stmt"/>
        <line num="13" count="4" type="stmt"/>
        <line num="15" count="4" type="cond" truecount="2" falsecount="0"/>
        <line num="16" count="1" type="stmt"/>
        <line num="18" count="3" type="stmt"/>
        <line num="20" count="4" type="stmt"/>
        <line num="23" count="1" type="stmt"/>
      </file>
    </package>
  </project>
</coverage>
