{"C:\\Users\\Devi Andri Aldi\\Documents\\altera\\Tugas-Week2\\unit-test-jest\\Part2\\problem1\\problem1.js": {"path":"C:\\Users\\Devi Andri Aldi\\Documents\\altera\\Tugas-Week2\\unit-test-jest\\Part2\\problem1\\problem1.js","statementMap":{"0":{"start":{"line":2,"column":2},"end":{"line":7,"column":26}},"1":{"start":{"line":2,"column":37},"end":{"line":2,"column":50}},"2":{"start":{"line":3,"column":7},"end":{"line":7,"column":26}},"3":{"start":{"line":3,"column":41},"end":{"line":3,"column":55}},"4":{"start":{"line":4,"column":7},"end":{"line":7,"column":26}},"5":{"start":{"line":4,"column":41},"end":{"line":4,"column":54}},"6":{"start":{"line":5,"column":7},"end":{"line":7,"column":26}},"7":{"start":{"line":5,"column":41},"end":{"line":5,"column":54}},"8":{"start":{"line":6,"column":7},"end":{"line":7,"column":26}},"9":{"start":{"line":6,"column":39},"end":{"line":6,"column":52}},"10":{"start":{"line":7,"column":7},"end":{"line":7,"column":26}},"11":{"start":{"line":9,"column":2},"end":{"line":9,"column":16}},"12":{"start":{"line":12,"column":0},"end":{"line":12,"column":30}}},"fnMap":{"0":{"name":"studentScore","decl":{"start":{"line":1,"column":9},"end":{"line":1,"column":21}},"loc":{"start":{"line":1,"column":30},"end":{"line":10,"column":1}},"line":1}},"branchMap":{"0":{"loc":{"start":{"line":2,"column":2},"end":{"line":7,"column":26}},"type":"if","locations":[{"start":{"line":2,"column":2},"end":{"line":7,"column":26}},{"start":{"line":3,"column":7},"end":{"line":7,"column":26}}],"line":2},"1":{"loc":{"start":{"line":2,"column":6},"end":{"line":2,"column":35}},"type":"binary-expr","locations":[{"start":{"line":2,"column":6},"end":{"line":2,"column":18}},{"start":{"line":2,"column":22},"end":{"line":2,"column":35}}],"line":2},"2":{"loc":{"start":{"line":3,"column":7},"end":{"line":7,"column":26}},"type":"if","locations":[{"start":{"line":3,"column":7},"end":{"line":7,"column":26}},{"start":{"line":4,"column":7},"end":{"line":7,"column":26}}],"line":3},"3":{"loc":{"start":{"line":3,"column":11},"end":{"line":3,"column":39}},"type":"binary-expr","locations":[{"start":{"line":3,"column":11},"end":{"line":3,"column":23}},{"start":{"line":3,"column":27},"end":{"line":3,"column":39}}],"line":3},"4":{"loc":{"start":{"line":4,"column":7},"end":{"line":7,"column":26}},"type":"if","locations":[{"start":{"line":4,"column":7},"end":{"line":7,"column":26}},{"start":{"line":5,"column":7},"end":{"line":7,"column":26}}],"line":4},"5":{"loc":{"start":{"line":4,"column":11},"end":{"line":4,"column":39}},"type":"binary-expr","locations":[{"start":{"line":4,"column":11},"end":{"line":4,"column":23}},{"start":{"line":4,"column":27},"end":{"line":4,"column":39}}],"line":4},"6":{"loc":{"start":{"line":5,"column":7},"end":{"line":7,"column":26}},"type":"if","locations":[{"start":{"line":5,"column":7},"end":{"line":7,"column":26}},{"start":{"line":6,"column":7},"end":{"line":7,"column":26}}],"line":5},"7":{"loc":{"start":{"line":5,"column":11},"end":{"line":5,"column":39}},"type":"binary-expr","locations":[{"start":{"line":5,"column":11},"end":{"line":5,"column":23}},{"start":{"line":5,"column":27},"end":{"line":5,"column":39}}],"line":5},"8":{"loc":{"start":{"line":6,"column":7},"end":{"line":7,"column":26}},"type":"if","locations":[{"start":{"line":6,"column":7},"end":{"line":7,"column":26}},{"start":{"line":7,"column":7},"end":{"line":7,"column":26}}],"line":6},"9":{"loc":{"start":{"line":6,"column":11},"end":{"line":6,"column":37}},"type":"binary-expr","locations":[{"start":{"line":6,"column":11},"end":{"line":6,"column":21}},{"start":{"line":6,"column":25},"end":{"line":6,"column":37}}],"line":6}},"s":{"0":6,"1":1,"2":5,"3":1,"4":4,"5":1,"6":3,"7":1,"8":2,"9":1,"10":1,"11":6,"12":1},"f":{"0":6},"b":{"0":[1,5],"1":[6,2],"2":[1,4],"3":[5,2],"4":[1,3],"5":[4,2],"6":[1,2],"7":[3,2],"8":[1,1],"9":[2,2]},"_coverageSchema":"1a1c01bbd47fc00a2c39e90264f33305004495a9","hash":"9ddc9f47b0c28fb3b3034ad42679f1dc6651bc80"}
,"C:\\Users\\Devi Andri Aldi\\Documents\\altera\\Tugas-Week2\\unit-test-jest\\Part2\\problem2\\problem2.js": {"path":"C:\\Users\\Devi Andri Aldi\\Documents\\altera\\Tugas-Week2\\unit-test-jest\\Part2\\problem2\\problem2.js","statementMap":{"0":{"start":{"line":3,"column":2},"end":{"line":12,"column":3}},"1":{"start":{"line":4,"column":4},"end":{"line":4,"column":25}},"2":{"start":{"line":5,"column":9},"end":{"line":12,"column":3}},"3":{"start":{"line":6,"column":4},"end":{"line":6,"column":13}},"4":{"start":{"line":7,"column":9},"end":{"line":12,"column":3}},"5":{"start":{"line":8,"column":4},"end":{"line":8,"column":13}},"6":{"start":{"line":10,"column":4},"end":{"line":10,"column":8}},"7":{"start":{"line":11,"column":4},"end":{"line":11,"column":36}},"8":{"start":{"line":15,"column":0},"end":{"line":15,"column":32}}},"fnMap":{"0":{"name":"exponentiation","decl":{"start":{"line":1,"column":9},"end":{"line":1,"column":23}},"loc":{"start":{"line":1,"column":30},"end":{"line":13,"column":1}},"line":1}},"branchMap":{"0":{"loc":{"start":{"line":3,"column":2},"end":{"line":12,"column":3}},"type":"if","locations":[{"start":{"line":3,"column":2},"end":{"line":12,"column":3}},{"start":{"line":5,"column":9},"end":{"line":12,"column":3}}],"line":3},"1":{"loc":{"start":{"line":5,"column":9},"end":{"line":12,"column":3}},"type":"if","locations":[{"start":{"line":5,"column":9},"end":{"line":12,"column":3}},{"start":{"line":7,"column":9},"end":{"line":12,"column":3}}],"line":5},"2":{"loc":{"start":{"line":7,"column":9},"end":{"line":12,"column":3}},"type":"if","locations":[{"start":{"line":7,"column":9},"end":{"line":12,"column":3}},{"start":{"line":9,"column":9},"end":{"line":12,"column":3}}],"line":7}},"s":{"0":27,"1":1,"2":26,"3":1,"4":25,"5":5,"6":20,"7":20,"8":1},"f":{"0":27},"b":{"0":[1,26],"1":[1,25],"2":[5,20]},"_coverageSchema":"1a1c01bbd47fc00a2c39e90264f33305004495a9","hash":"a493b796e87fe39acedb6bb105eead7be4372371"}
,"C:\\Users\\Devi Andri Aldi\\Documents\\altera\\Tugas-Week2\\unit-test-jest\\Part2\\problem3\\problem3.js": {"path":"C:\\Users\\Devi Andri Aldi\\Documents\\altera\\Tugas-Week2\\unit-test-jest\\Part2\\problem3\\problem3.js","statementMap":{"0":{"start":{"line":4,"column":16},"end":{"line":4,"column":17}},"1":{"start":{"line":5,"column":2},"end":{"line":7,"column":3}},"2":{"start":{"line":5,"column":15},"end":{"line":5,"column":16}},"3":{"start":{"line":6,"column":4},"end":{"line":6,"column":34}},"4":{"start":{"line":9,"column":2},"end":{"line":9,"column":23}},"5":{"start":{"line":12,"column":0},"end":{"line":12,"column":29}}},"fnMap":{"0":{"name":"primeNumber","decl":{"start":{"line":1,"column":9},"end":{"line":1,"column":20}},"loc":{"start":{"line":1,"column":29},"end":{"line":10,"column":1}},"line":1}},"branchMap":{"0":{"loc":{"start":{"line":6,"column":4},"end":{"line":6,"column":33}},"type":"binary-expr","locations":[{"start":{"line":6,"column":4},"end":{"line":6,"column":20}},{"start":{"line":6,"column":24},"end":{"line":6,"column":33}}],"line":6}},"s":{"0":5,"1":5,"2":5,"3":96,"4":5,"5":1},"f":{"0":5},"b":{"0":[96,16]},"_coverageSchema":"1a1c01bbd47fc00a2c39e90264f33305004495a9","hash":"10f01b83b0eccb3290b34c16014fc33b05a273aa"}
,"C:\\Users\\Devi Andri Aldi\\Documents\\altera\\Tugas-Week2\\unit-test-jest\\Part2\\problem4\\problem4.js": {"path":"C:\\Users\\Devi Andri Aldi\\Documents\\altera\\Tugas-Week2\\unit-test-jest\\Part2\\problem4\\problem4.js","statementMap":{"0":{"start":{"line":3,"column":12},"end":{"line":3,"column":25}},"1":{"start":{"line":4,"column":12},"end":{"line":4,"column":31}},"2":{"start":{"line":6,"column":2},"end":{"line":10,"column":3}},"3":{"start":{"line":6,"column":15},"end":{"line":6,"column":16}},"4":{"start":{"line":7,"column":4},"end":{"line":9,"column":5}},"5":{"start":{"line":8,"column":6},"end":{"line":8,"column":19}},"6":{"start":{"line":11,"column":2},"end":{"line":11,"column":14}},"7":{"start":{"line":13,"column":0},"end":{"line":13,"column":28}}},"fnMap":{"0":{"name":"palindrome","decl":{"start":{"line":1,"column":9},"end":{"line":1,"column":19}},"loc":{"start":{"line":1,"column":28},"end":{"line":12,"column":1}},"line":1}},"branchMap":{"0":{"loc":{"start":{"line":7,"column":4},"end":{"line":9,"column":5}},"type":"if","locations":[{"start":{"line":7,"column":4},"end":{"line":9,"column":5}},{"start":{},"end":{}}],"line":7}},"s":{"0":5,"1":5,"2":5,"3":5,"4":11,"5":2,"6":3,"7":1},"f":{"0":5},"b":{"0":[2,9]},"_coverageSchema":"1a1c01bbd47fc00a2c39e90264f33305004495a9","hash":"1dfd9638570fdde40aa0e50d7c85e1989e82873a"}
,"C:\\Users\\Devi Andri Aldi\\Documents\\altera\\Tugas-Week2\\unit-test-jest\\Part3\\problem1\\problem1.js": {"path":"C:\\Users\\Devi Andri Aldi\\Documents\\altera\\Tugas-Week2\\unit-test-jest\\Part3\\problem1\\problem1.js","statementMap":{"0":{"start":{"line":2,"column":15},"end":{"line":2,"column":17}},"1":{"start":{"line":3,"column":2},"end":{"line":7,"column":3}},"2":{"start":{"line":3,"column":15},"end":{"line":3,"column":16}},"3":{"start":{"line":4,"column":4},"end":{"line":6,"column":5}},"4":{"start":{"line":5,"column":6},"end":{"line":5,"column":21}},"5":{"start":{"line":8,"column":2},"end":{"line":8,"column":16}},"6":{"start":{"line":11,"column":0},"end":{"line":11,"column":31}}},"fnMap":{"0":{"name":"compareString","decl":{"start":{"line":1,"column":9},"end":{"line":1,"column":22}},"loc":{"start":{"line":1,"column":29},"end":{"line":9,"column":1}},"line":1}},"branchMap":{"0":{"loc":{"start":{"line":4,"column":4},"end":{"line":6,"column":5}},"type":"if","locations":[{"start":{"line":4,"column":4},"end":{"line":6,"column":5}},{"start":{},"end":{}}],"line":4}},"s":{"0":5,"1":5,"2":5,"3":29,"4":16,"5":5,"6":1},"f":{"0":5},"b":{"0":[16,13]},"_coverageSchema":"1a1c01bbd47fc00a2c39e90264f33305004495a9","hash":"d8d0ed69f50badafcb26d8340b7f3cc99c6e5712"}
,"C:\\Users\\Devi Andri Aldi\\Documents\\altera\\Tugas-Week2\\unit-test-jest\\Part3\\problem2\\problem2.js": {"path":"C:\\Users\\Devi Andri Aldi\\Documents\\altera\\Tugas-Week2\\unit-test-jest\\Part3\\problem2\\problem2.js","statementMap":{"0":{"start":{"line":3,"column":12},"end":{"line":3,"column":33}},"1":{"start":{"line":4,"column":18},"end":{"line":4,"column":20}},"2":{"start":{"line":6,"column":2},"end":{"line":10,"column":3}},"3":{"start":{"line":7,"column":4},"end":{"line":9,"column":5}},"4":{"start":{"line":8,"column":6},"end":{"line":8,"column":24}},"5":{"start":{"line":11,"column":2},"end":{"line":11,"column":19}},"6":{"start":{"line":14,"column":0},"end":{"line":14,"column":42}}},"fnMap":{"0":{"name":"joinArrayRemoveDuplicate","decl":{"start":{"line":1,"column":9},"end":{"line":1,"column":33}},"loc":{"start":{"line":1,"column":50},"end":{"line":12,"column":1}},"line":1}},"branchMap":{"0":{"loc":{"start":{"line":7,"column":4},"end":{"line":9,"column":5}},"type":"if","locations":[{"start":{"line":7,"column":4},"end":{"line":9,"column":5}},{"start":{},"end":{}}],"line":7}},"s":{"0":3,"1":3,"2":3,"3":14,"4":11,"5":3,"6":1},"f":{"0":3},"b":{"0":[11,3]},"_coverageSchema":"1a1c01bbd47fc00a2c39e90264f33305004495a9","hash":"9dd1f13c6c3d74b0fa78dca1b4b4dee2a30620bb"}
,"C:\\Users\\Devi Andri Aldi\\Documents\\altera\\Tugas-Week2\\unit-test-jest\\Part3\\problem3\\problem3.js": {"path":"C:\\Users\\Devi Andri Aldi\\Documents\\altera\\Tugas-Week2\\unit-test-jest\\Part3\\problem3\\problem3.js","statementMap":{"0":{"start":{"line":4,"column":14},"end":{"line":4,"column":33}},"1":{"start":{"line":5,"column":2},"end":{"line":5,"column":22}},"2":{"start":{"line":8,"column":0},"end":{"line":8,"column":34}}},"fnMap":{"0":{"name":"removeDuplicates","decl":{"start":{"line":1,"column":9},"end":{"line":1,"column":25}},"loc":{"start":{"line":1,"column":33},"end":{"line":6,"column":1}},"line":1}},"branchMap":{},"s":{"0":5,"1":5,"2":1},"f":{"0":5},"b":{},"_coverageSchema":"1a1c01bbd47fc00a2c39e90264f33305004495a9","hash":"d8bae301a8644f45ffc64dfed9683168918ed511"}
,"C:\\Users\\Devi Andri Aldi\\Documents\\altera\\Tugas-Week2\\unit-test-jest\\Part3\\problem4\\problem4.js": {"path":"C:\\Users\\Devi Andri Aldi\\Documents\\altera\\Tugas-Week2\\unit-test-jest\\Part3\\problem4\\problem4.js","statementMap":{"0":{"start":{"line":5,"column":14},"end":{"line":5,"column":15}},"1":{"start":{"line":6,"column":2},"end":{"line":8,"column":3}},"2":{"start":{"line":6,"column":15},"end":{"line":6,"column":16}},"3":{"start":{"line":7,"column":4},"end":{"line":7,"column":27}},"4":{"start":{"line":9,"column":2},"end":{"line":9,"column":35}},"5":{"start":{"line":12,"column":15},"end":{"line":12,"column":16}},"6":{"start":{"line":13,"column":2},"end":{"line":13,"column":29}},"7":{"start":{"line":15,"column":2},"end":{"line":19,"column":3}},"8":{"start":{"line":16,"column":4},"end":{"line":16,"column":71}},"9":{"start":{"line":18,"column":4},"end":{"line":18,"column":42}},"10":{"start":{"line":20,"column":2},"end":{"line":20,"column":45}},"11":{"start":{"line":23,"column":0},"end":{"line":23,"column":28}}},"fnMap":{"0":{"name":"meanMedian","decl":{"start":{"line":1,"column":9},"end":{"line":1,"column":19}},"loc":{"start":{"line":1,"column":32},"end":{"line":21,"column":1}},"line":1}},"branchMap":{"0":{"loc":{"start":{"line":15,"column":2},"end":{"line":19,"column":3}},"type":"if","locations":[{"start":{"line":15,"column":2},"end":{"line":19,"column":3}},{"start":{"line":17,"column":9},"end":{"line":19,"column":3}}],"line":15}},"s":{"0":4,"1":4,"2":4,"3":19,"4":4,"5":4,"6":4,"7":4,"8":1,"9":3,"10":4,"11":1},"f":{"0":4},"b":{"0":[1,3]},"_coverageSchema":"1a1c01bbd47fc00a2c39e90264f33305004495a9","hash":"8f2aa4be67b93a7cb22c4fb90af3f6d83fa9267b"}
}
