TN:
SF:Part2\problem1\problem1.js
FN:1,studentScore
FNF:1
FNH:1
FNDA:6,studentScore
DA:2,6
DA:3,5
DA:4,4
DA:5,3
DA:6,2
DA:7,1
DA:9,6
DA:12,1
LF:8
LH:8
BRDA:2,0,0,1
BRDA:2,0,1,5
BRDA:2,1,0,6
BRDA:2,1,1,2
BRDA:3,2,0,1
BRDA:3,2,1,4
BRDA:3,3,0,5
BRDA:3,3,1,2
BRDA:4,4,0,1
BRDA:4,4,1,3
BRDA:4,5,0,4
BRDA:4,5,1,2
BRDA:5,6,0,1
BRDA:5,6,1,2
BRDA:5,7,0,3
BRDA:5,7,1,2
BRDA:6,8,0,1
BRDA:6,8,1,1
BRDA:6,9,0,2
BRDA:6,9,1,2
BRF:20
BRH:20
end_of_record
TN:
SF:Part2\problem2\problem2.js
FN:1,exponentiation
FNF:1
FNH:1
FNDA:27,exponentiation
DA:3,27
DA:4,1
DA:5,26
DA:6,1
DA:7,25
DA:8,5
DA:10,20
DA:11,20
DA:15,1
LF:9
LH:9
BRDA:3,0,0,1
BRDA:3,0,1,26
BRDA:5,1,0,1
BRDA:5,1,1,25
BRDA:7,2,0,5
BRDA:7,2,1,20
BRF:6
BRH:6
end_of_record
TN:
SF:Part2\problem3\problem3.js
FN:1,primeNumber
FNF:1
FNH:1
FNDA:5,primeNumber
DA:4,5
DA:5,5
DA:6,96
DA:9,5
DA:12,1
LF:5
LH:5
BRDA:6,0,0,96
BRDA:6,0,1,16
BRF:2
BRH:2
end_of_record
TN:
SF:Part2\problem4\problem4.js
FN:1,palindrome
FNF:1
FNH:1
FNDA:5,palindrome
DA:3,5
DA:4,5
DA:6,5
DA:7,11
DA:8,2
DA:11,3
DA:13,1
LF:7
LH:7
BRDA:7,0,0,2
BRDA:7,0,1,9
BRF:2
BRH:2
end_of_record
TN:
SF:Part3\problem1\problem1.js
FN:1,compareString
FNF:1
FNH:1
FNDA:5,compareString
DA:2,5
DA:3,5
DA:4,29
DA:5,16
DA:8,5
DA:11,1
LF:6
LH:6
BRDA:4,0,0,16
BRDA:4,0,1,13
BRF:2
BRH:2
end_of_record
TN:
SF:Part3\problem2\problem2.js
FN:1,joinArrayRemoveDuplicate
FNF:1
FNH:1
FNDA:3,joinArrayRemoveDuplicate
DA:3,3
DA:4,3
DA:6,3
DA:7,14
DA:8,11
DA:11,3
DA:14,1
LF:7
LH:7
BRDA:7,0,0,11
BRDA:7,0,1,3
BRF:2
BRH:2
end_of_record
TN:
SF:Part3\problem3\problem3.js
FN:1,removeDuplicates
FNF:1
FNH:1
FNDA:5,removeDuplicates
DA:4,5
DA:5,5
DA:8,1
LF:3
LH:3
BRF:0
BRH:0
end_of_record
TN:
SF:Part3\problem4\problem4.js
FN:1,meanMedian
FNF:1
FNH:1
FNDA:4,meanMedian
DA:5,4
DA:6,4
DA:7,19
DA:9,4
DA:12,4
DA:13,4
DA:15,4
DA:16,1
DA:18,3
DA:20,4
DA:23,1
LF:11
LH:11
BRDA:15,0,0,1
BRDA:15,0,1,3
BRF:2
BRH:2
end_of_record
